This file contains any messages produced by compilers while
running configure, to aid debugging if configure makes a mistake.

It was created by configure, which was
generated by GNU Autoconf 2.69.  Invocation command line was

  $ ./configure 

## --------- ##
## Platform. ##
## --------- ##

hostname = ubuntu
uname -m = x86_64
uname -r = 5.4.0-77-generic
uname -s = Linux
uname -v = #86-Ubuntu SMP Thu Jun 17 02:35:03 UTC 2021

/usr/bin/uname -p = x86_64
/bin/uname -X     = unknown

/bin/arch              = x86_64
/usr/bin/arch -k       = unknown
/usr/convex/getsysinfo = unknown
/usr/bin/hostinfo      = unknown
/bin/machine           = unknown
/usr/bin/oslevel       = unknown
/bin/universe          = unknown

PATH: /usr/local/sbin
PATH: /usr/local/bin
PATH: /usr/sbin
PATH: /usr/bin
PATH: /sbin
PATH: /bin
PATH: /usr/games
PATH: /usr/local/games
PATH: /snap/bin


## ----------- ##
## Core tests. ##
## ----------- ##

configure:2342: checking for grep that handles long lines and -e
configure:2400: result: /usr/bin/grep
configure:2405: checking for egrep
configure:2467: result: /usr/bin/grep -E
configure:2472: checking for a sed that does not truncate output
configure:2536: result: /usr/bin/sed
configure:2675: checking for pkg-config
configure:2708: result: no
configure:2795: checking for cc
configure:2811: found /usr/bin/cc
configure:2822: result: cc
configure:2853: checking for C compiler version
configure:2862: cc --version >&5
cc (Ubuntu 9.3.0-17ubuntu1~20.04) 9.3.0
Copyright (C) 2019 Free Software Foundation, Inc.
This is free software; see the source for copying conditions.  There is NO
warranty; not even for MERCHANTABILITY or FITNESS FOR A PARTICULAR PURPOSE.

configure:2873: $? = 0
configure:2862: cc -v >&5
Using built-in specs.
COLLECT_GCC=cc
COLLECT_LTO_WRAPPER=/usr/lib/gcc/x86_64-linux-gnu/9/lto-wrapper
OFFLOAD_TARGET_NAMES=nvptx-none:hsa
OFFLOAD_TARGET_DEFAULT=1
Target: x86_64-linux-gnu
Configured with: ../src/configure -v --with-pkgversion='Ubuntu 9.3.0-17ubuntu1~20.04' --with-bugurl=file:///usr/share/doc/gcc-9/README.Bugs --enable-languages=c,ada,c++,go,brig,d,fortran,objc,obj-c++,gm2 --prefix=/usr --with-gcc-major-version-only --program-suffix=-9 --program-prefix=x86_64-linux-gnu- --enable-shared --enable-linker-build-id --libexecdir=/usr/lib --without-included-gettext --enable-threads=posix --libdir=/usr/lib --enable-nls --enable-clocale=gnu --enable-libstdcxx-debug --enable-libstdcxx-time=yes --with-default-libstdcxx-abi=new --enable-gnu-unique-object --disable-vtable-verify --enable-plugin --enable-default-pie --with-system-zlib --with-target-system-zlib=auto --enable-objc-gc=auto --enable-multiarch --disable-werror --with-arch-32=i686 --with-abi=m64 --with-multilib-list=m32,m64,mx32 --enable-multilib --with-tune=generic --enable-offload-targets=nvptx-none=/build/gcc-9-HskZEa/gcc-9-9.3.0/debian/tmp-nvptx/usr,hsa --without-cuda-driver --enable-checking=release --build=x86_64-linux-gnu --host=x86_64-linux-gnu --target=x86_64-linux-gnu
Thread model: posix
gcc version 9.3.0 (Ubuntu 9.3.0-17ubuntu1~20.04) 
configure:2873: $? = 0
configure:2862: cc -V >&5
cc: error: unrecognized command line option '-V'
cc: fatal error: no input files
compilation terminated.
configure:2873: $? = 1
configure:2862: cc -qversion >&5
cc: error: unrecognized command line option '-qversion'; did you mean '--version'?
cc: fatal error: no input files
compilation terminated.
configure:2873: $? = 1
configure:2893: checking whether the C compiler works
configure:2915: cc    conftest.c  >&5
configure:2919: $? = 0
configure:2967: result: yes
configure:2970: checking for C compiler default output file name
configure:2972: result: a.out
configure:2978: checking for suffix of executables
configure:2985: cc -o conftest    conftest.c  >&5
configure:2989: $? = 0
configure:3011: result: 
configure:3033: checking whether we are cross compiling
configure:3041: cc -o conftest    conftest.c  >&5
configure:3045: $? = 0
configure:3052: ./conftest
configure:3056: $? = 0
configure:3044: result: no
configure:3049: checking for suffix of object files
configure:3071: cc -c   conftest.c >&5
configure:3075: $? = 0
configure:3096: result: o
configure:3100: checking whether we are using the GNU C compiler
configure:3119: cc -c   conftest.c >&5
configure:3119: $? = 0
configure:3128: result: yes
configure:3137: checking whether cc accepts -g
configure:3157: cc -c -g  conftest.c >&5
configure:3157: $? = 0
configure:3198: result: yes
configure:3215: checking for cc option to accept ISO C89
configure:3278: cc  -c -g -O2  conftest.c >&5
configure:3278: $? = 0
configure:3291: result: none needed
configure:3317: checking how to run the C preprocessor
configure:3348: cc -E  conftest.c
configure:3348: $? = 0
configure:3362: cc -E  conftest.c
conftest.c:9:10: fatal error: ac_nonexistent.h: No such file or directory
    9 | #include <ac_nonexistent.h>
      |          ^~~~~~~~~~~~~~~~~~
compilation terminated.
configure:3362: $? = 1
configure: failed program was:
| /* confdefs.h */
| #define PACKAGE_NAME ""
| #define PACKAGE_TARNAME ""
| #define PACKAGE_VERSION ""
| #define PACKAGE_STRING ""
| #define PACKAGE_BUGREPORT ""
| #define PACKAGE_URL ""
| /* end confdefs.h.  */
| #include <ac_nonexistent.h>
configure:3387: result: cc -E
configure:3407: cc -E  conftest.c
configure:3407: $? = 0
configure:3421: cc -E  conftest.c
conftest.c:9:10: fatal error: ac_nonexistent.h: No such file or directory
    9 | #include <ac_nonexistent.h>
      |          ^~~~~~~~~~~~~~~~~~
compilation terminated.
configure:3421: $? = 1
configure: failed program was:
| /* confdefs.h */
| #define PACKAGE_NAME ""
| #define PACKAGE_TARNAME ""
| #define PACKAGE_VERSION ""
| #define PACKAGE_STRING ""
| #define PACKAGE_BUGREPORT ""
| #define PACKAGE_URL ""
| /* end confdefs.h.  */
| #include <ac_nonexistent.h>
configure:3452: checking for icc
configure:3461: result: no
configure:3475: checking for suncc
configure:3484: result: no
configure:3502: checking for system library directory
configure:3517: result: lib
configure:3524: checking if compiler supports -R
configure:3543: cc -o conftest -g -O2   conftest.c -R /usr/lib  >&5
cc: error: unrecognized command line option '-R'
configure:3543: $? = 1
configure: failed program was:
| /* confdefs.h */
| #define PACKAGE_NAME ""
| #define PACKAGE_TARNAME ""
| #define PACKAGE_VERSION ""
| #define PACKAGE_STRING ""
| #define PACKAGE_BUGREPORT ""
| #define PACKAGE_URL ""
| /* end confdefs.h.  */
| 
| int
| main ()
| {
| 
|   ;
|   return 0;
| }
configure:3553: result: no
configure:3558: checking if compiler supports -Wl,-rpath,
configure:3577: cc -o conftest -g -O2   conftest.c -Wl,-rpath,/usr/lib  >&5
configure:3577: $? = 0
configure:3587: result: yes
configure:3603: checking build system type
configure:3617: result: x86_64-pc-linux-gnu
configure:3637: checking host system type
configure:3650: result: x86_64-pc-linux-gnu
configure:3670: checking target system type
configure:3683: result: x86_64-pc-linux-gnu
configure:3786: checking for PHP prefix
configure:3788: result: /usr
configure:3790: checking for PHP includes
configure:3792: result: -I/usr/include/php/20190902 -I/usr/include/php/20190902/main -I/usr/include/php/20190902/TSRM -I/usr/include/php/20190902/Zend -I/usr/include/php/20190902/ext -I/usr/include/php/20190902/ext/date/lib
configure:3794: checking for PHP extension directory
configure:3796: result: /usr/lib/php/20190902
configure:3798: checking for PHP installed headers prefix
configure:3800: result: /usr/include/php/20190902
configure:3803: checking if debug is enabled
configure:3829: result: no
configure:3832: checking if zts is enabled
configure:3858: result: no
configure:3926: checking for gawk
configure:3943: found /usr/bin/gawk
configure:3954: result: gawk
configure:4002: checking whether to enable rot_cipher support
configure:4041: result: yes, shared
configure:4389: checking for a sed that does not truncate output
configure:4443: result: /usr/bin/sed
configure:4457: checking for ld used by cc
configure:4524: result: /usr/bin/ld
configure:4531: checking if the linker (/usr/bin/ld) is GNU ld
configure:4546: result: yes
configure:4551: checking for /usr/bin/ld option to reload object files
configure:4558: result: -r
configure:4576: checking for BSD-compatible nm
configure:4625: result: /usr/bin/nm -B
configure:4629: checking whether ln -s works
configure:4633: result: yes
configure:4640: checking how to recognize dependent libraries
configure:4826: result: pass_all
configure:4911: cc -c -g -O2  conftest.c >&5
configure:4914: $? = 0
configure:5044: checking for ANSI C header files
configure:5064: cc -c -g -O2  conftest.c >&5
configure:5064: $? = 0
configure:5137: cc -o conftest -g -O2   conftest.c  >&5
configure:5137: $? = 0
configure:5137: ./conftest
configure:5137: $? = 0
configure:5148: result: yes
configure:5161: checking for sys/types.h
configure:5161: cc -c -g -O2  conftest.c >&5
configure:5161: $? = 0
configure:5161: result: yes
configure:5161: checking for sys/stat.h
configure:5161: cc -c -g -O2  conftest.c >&5
configure:5161: $? = 0
configure:5161: result: yes
configure:5161: checking for stdlib.h
configure:5161: cc -c -g -O2  conftest.c >&5
configure:5161: $? = 0
configure:5161: result: yes
configure:5161: checking for string.h
configure:5161: cc -c -g -O2  conftest.c >&5
configure:5161: $? = 0
configure:5161: result: yes
configure:5161: checking for memory.h
configure:5161: cc -c -g -O2  conftest.c >&5
configure:5161: $? = 0
configure:5161: result: yes
configure:5161: checking for strings.h
configure:5161: cc -c -g -O2  conftest.c >&5
configure:5161: $? = 0
configure:5161: result: yes
configure:5161: checking for inttypes.h
configure:5161: cc -c -g -O2  conftest.c >&5
configure:5161: $? = 0
configure:5161: result: yes
configure:5161: checking for stdint.h
configure:5161: cc -c -g -O2  conftest.c >&5
configure:5161: $? = 0
configure:5161: result: yes
configure:5161: checking for unistd.h
configure:5161: cc -c -g -O2  conftest.c >&5
configure:5161: $? = 0
configure:5161: result: yes
configure:5175: checking dlfcn.h usability
configure:5175: cc -c -g -O2  conftest.c >&5
configure:5175: $? = 0
configure:5175: result: yes
configure:5175: checking dlfcn.h presence
configure:5175: cc -E  conftest.c
configure:5175: $? = 0
configure:5175: result: yes
configure:5175: checking for dlfcn.h
configure:5175: result: yes
configure:5197: checking the maximum length of command line arguments
configure:5309: result: 1572864
configure:5321: checking command to parse /usr/bin/nm -B output from cc object
configure:5426: cc -c -g -O2  conftest.c >&5
configure:5429: $? = 0
configure:5433: /usr/bin/nm -B conftest.o \| sed -n -e 's/^.*[ 	]\([ABCDGIRSTW][ABCDGIRSTW]*\)[ 	][ 	]*\([_A-Za-z][_A-Za-z0-9]*\)$/\1 \2 \2/p' \> conftest.nm
configure:5436: $? = 0
configure:5488: cc -o conftest -g -O2   conftest.c conftstm.o >&5
configure:5491: $? = 0
configure:5529: result: ok
configure:5533: checking for objdir
configure:5548: result: .libs
configure:5640: checking for ar
configure:5656: found /usr/bin/ar
configure:5667: result: ar
configure:5732: checking for ranlib
configure:5748: found /usr/bin/ranlib
configure:5759: result: ranlib
configure:5824: checking for strip
configure:5840: found /usr/bin/strip
configure:5851: result: strip
configure:6420: checking if cc supports -fno-rtti -fno-exceptions
configure:6469: cc -c -g -O2  -fno-rtti -fno-exceptions conftest.c >&5
cc1: warning: command line option '-fno-rtti' is valid for C++/D/ObjC++ but not for C
configure:6473: $? = 0
configure:6455: result: no
configure:6445: checking for cc option to produce PIC
configure:6685: result: -fPIC
configure:6693: checking if cc PIC flag -fPIC works
configure:6767: cc -c -g -O2  -fPIC -DPIC conftest.c >&5
configure:6771: $? = 0
configure:6728: result: yes
configure:6727: checking if cc static flag -static works
configure:6755: result: yes
configure:6765: checking if cc supports -c -o file.o
configure:6871: cc -c -g -O2  -o out/conftest2.o conftest.c >&5
configure:6875: $? = 0
configure:6788: result: yes
configure:6814: checking whether the cc linker (/usr/bin/ld -m elf_x86_64) supports shared libraries
configure:7742: result: yes
configure:7763: checking whether -lc should be explicitly linked in
configure:7768: cc -c -g -O2  conftest.c >&5
configure:7771: $? = 0
configure:7786: cc -shared conftest.o  -v -Wl,-soname -Wl,conftest -o conftest 2\>\&1 \| grep  -lc  \>/dev/null 2\>\&1
configure:7789: $? = 0
configure:7801: result: no
configure:7809: checking dynamic linker characteristics
configure:8407: result: GNU/Linux ld.so
configure:8431: checking how to hardcode library paths into programs
configure:8456: result: immediate
configure:8470: checking whether stripping libraries is possible
configure:8475: result: yes
configure:8992: checking if libtool supports shared libraries
configure:8994: result: yes
configure:8997: checking whether to build shared libraries
configure:9018: result: yes
configure:9021: checking whether to build static libraries
configure:9025: result: no
configure:9120: result:
creating libtool
configure:12808: patching config.h.in
configure:12819: creating ./config.status

## ---------------------- ##
## Running config.status. ##
## ---------------------- ##

This file was extended by config.status, which was
generated by GNU Autoconf 2.69.  Invocation command line was

  CONFIG_FILES    = 
  CONFIG_HEADERS  = 
  CONFIG_LINKS    = 
  CONFIG_COMMANDS = 
  $ ./config.status 

on ubuntu

config.status:673: creating config.h

## ---------------- ##
## Cache variables. ##
## ---------------- ##

ac_cv_build=x86_64-pc-linux-gnu
ac_cv_c_compiler_gnu=yes
ac_cv_env_CC_set=
ac_cv_env_CC_value=
ac_cv_env_CFLAGS_set=
ac_cv_env_CFLAGS_value=
ac_cv_env_CPPFLAGS_set=
ac_cv_env_CPPFLAGS_value=
ac_cv_env_CPP_set=
ac_cv_env_CPP_value=
ac_cv_env_LDFLAGS_set=
ac_cv_env_LDFLAGS_value=
ac_cv_env_LIBS_set=
ac_cv_env_LIBS_value=
ac_cv_env_PKG_CONFIG_LIBDIR_set=
ac_cv_env_PKG_CONFIG_LIBDIR_value=
ac_cv_env_PKG_CONFIG_PATH_set=
ac_cv_env_PKG_CONFIG_PATH_value=
ac_cv_env_PKG_CONFIG_set=
ac_cv_env_PKG_CONFIG_value=
ac_cv_env_build_alias_set=
ac_cv_env_build_alias_value=
ac_cv_env_host_alias_set=
ac_cv_env_host_alias_value=
ac_cv_env_target_alias_set=
ac_cv_env_target_alias_value=
ac_cv_header_dlfcn_h=yes
ac_cv_header_inttypes_h=yes
ac_cv_header_memory_h=yes
ac_cv_header_stdc=yes
ac_cv_header_stdint_h=yes
ac_cv_header_stdlib_h=yes
ac_cv_header_string_h=yes
ac_cv_header_strings_h=yes
ac_cv_header_sys_stat_h=yes
ac_cv_header_sys_types_h=yes
ac_cv_header_unistd_h=yes
ac_cv_host=x86_64-pc-linux-gnu
ac_cv_objext=o
ac_cv_path_EGREP='/usr/bin/grep -E'
ac_cv_path_GREP=/usr/bin/grep
ac_cv_path_SED=/usr/bin/sed
ac_cv_prog_AWK=gawk
ac_cv_prog_CPP='cc -E'
ac_cv_prog_ac_ct_AR=ar
ac_cv_prog_ac_ct_CC=cc
ac_cv_prog_ac_ct_RANLIB=ranlib
ac_cv_prog_ac_ct_STRIP=strip
ac_cv_prog_cc_c89=
ac_cv_prog_cc_g=yes
ac_cv_target=x86_64-pc-linux-gnu
lt_cv_deplibs_check_method=pass_all
lt_cv_file_magic_cmd='$MAGIC_CMD'
lt_cv_file_magic_test_file=
lt_cv_ld_reload_flag=-r
lt_cv_objdir=.libs
lt_cv_path_LD=/usr/bin/ld
lt_cv_path_NM='/usr/bin/nm -B'
lt_cv_path_SED=/usr/bin/sed
lt_cv_prog_compiler_c_o=yes
lt_cv_prog_compiler_pic_works=yes
lt_cv_prog_compiler_rtti_exceptions=no
lt_cv_prog_compiler_static_works=yes
lt_cv_prog_gnu_ld=yes
lt_cv_sys_global_symbol_pipe='sed -n -e '\''s/^.*[ 	]\([ABCDGIRSTW][ABCDGIRSTW]*\)[ 	][ 	]*\([_A-Za-z][_A-Za-z0-9]*\)$/\1 \2 \2/p'\'''
lt_cv_sys_global_symbol_to_c_name_address='sed -n -e '\''s/^: \([^ ]*\) $/  {\"\1\", (lt_ptr) 0},/p'\'' -e '\''s/^[BCDEGRST] \([^ ]*\) \([^ ]*\)$/  {"\2", (lt_ptr) \&\2},/p'\'''
lt_cv_sys_global_symbol_to_cdecl='sed -n -e '\''s/^. .* \(.*\)$/extern int \1;/p'\'''
lt_cv_sys_lib_dlsearch_path_spec='/lib /usr/lib /usr/lib/x86_64-linux-gnu/libfakeroot /usr/local/lib /usr/local/lib/x86_64-linux-gnu /lib/x86_64-linux-gnu /usr/lib/x86_64-linux-gnu '
lt_cv_sys_lib_search_path_spec='/usr/lib/gcc/x86_64-linux-gnu/9 /usr/lib/x86_64-linux-gnu /usr/lib /lib/x86_64-linux-gnu /lib'
lt_cv_sys_max_cmd_len=1572864
lt_lt_cv_prog_compiler_c_o='"yes"'
lt_lt_cv_sys_global_symbol_pipe='"sed -n -e '\''s/^.*[ 	]\\([ABCDGIRSTW][ABCDGIRSTW]*\\)[ 	][ 	]*\\([_A-Za-z][_A-Za-z0-9]*\\)\$/\\1 \\2 \\2/p'\''"'
lt_lt_cv_sys_global_symbol_to_c_name_address='"sed -n -e '\''s/^: \\([^ ]*\\) \$/  {\\\"\\1\\\", (lt_ptr) 0},/p'\'' -e '\''s/^[BCDEGRST] \\([^ ]*\\) \\([^ ]*\\)\$/  {\"\\2\", (lt_ptr) \\&\\2},/p'\''"'
lt_lt_cv_sys_global_symbol_to_cdecl='"sed -n -e '\''s/^. .* \\(.*\\)\$/extern int \\1;/p'\''"'
php_cv_cc_dashr=no
php_cv_cc_rpath=yes

## ----------------- ##
## Output variables. ##
## ----------------- ##

AR='ar'
AWK='gawk'
CC='cc'
CFLAGS='-g -O2'
CONFIGURE_COMMAND=' '\''./configure'\'' '
CONFIGURE_OPTIONS=''
CPP='cc -E'
CPPFLAGS=' -DHAVE_CONFIG_H'
DEFS='-DHAVE_CONFIG_H'
DSYMUTIL=''
ECHO='echo'
ECHO_C=''
ECHO_N='-n'
ECHO_T=''
EGREP='/usr/bin/grep -E'
EXEEXT=''
GREP='/usr/bin/grep'
LDFLAGS=''
LIBOBJS=''
LIBS=''
LIBTOOL='$(SHELL) $(top_builddir)/libtool'
LN_S='ln -s'
LTLIBOBJS=''
NMEDIT=''
OBJEXT='o'
PACKAGE_BUGREPORT=''
PACKAGE_NAME=''
PACKAGE_STRING=''
PACKAGE_TARNAME=''
PACKAGE_URL=''
PACKAGE_VERSION=''
PATH_SEPARATOR=':'
PKG_CONFIG=''
PKG_CONFIG_LIBDIR=''
PKG_CONFIG_PATH=''
RANLIB='ranlib'
SED='/usr/bin/sed'
SHELL='/bin/bash'
SHLIB_DL_SUFFIX_NAME='so'
SHLIB_SUFFIX_NAME='so'
STRIP='strip'
ac_ct_CC='cc'
bindir='${exec_prefix}/bin'
build='x86_64-pc-linux-gnu'
build_alias=''
build_cpu='x86_64'
build_os='linux-gnu'
build_vendor='pc'
datadir='${datarootdir}'
datarootdir='${prefix}/share'
docdir='${datarootdir}/doc/${PACKAGE}'
dvidir='${docdir}'
exec_prefix='$(prefix)'
host='x86_64-pc-linux-gnu'
host_alias='x86_64-pc-linux-gnu'
host_cpu='x86_64'
host_os='linux-gnu'
host_vendor='pc'
htmldir='${docdir}'
includedir='${prefix}/include'
infodir='${datarootdir}/info'
libdir='${exec_prefix}/lib'
libexecdir='${exec_prefix}/libexec'
localedir='${datarootdir}/locale'
localstatedir='${prefix}/var'
mandir='${datarootdir}/man'
oldincludedir='/usr/include'
pdfdir='${docdir}'
prefix='/usr'
program_transform_name='s,x,x,'
psdir='${docdir}'
runstatedir='${localstatedir}/run'
sbindir='${exec_prefix}/sbin'
sharedstatedir='${prefix}/com'
sysconfdir='${prefix}/etc'
target='x86_64-pc-linux-gnu'
target_alias=''
target_cpu='x86_64'
target_os='linux-gnu'
target_vendor='pc'

## ----------- ##
## confdefs.h. ##
## ----------- ##

/* confdefs.h */
#define PACKAGE_NAME ""
#define PACKAGE_TARNAME ""
#define PACKAGE_VERSION ""
#define PACKAGE_STRING ""
#define PACKAGE_BUGREPORT ""
#define PACKAGE_URL ""
#define HAVE_ROT_CIPHER 1
#define COMPILE_DL_ROT_CIPHER 1
#define STDC_HEADERS 1
#define HAVE_SYS_TYPES_H 1
#define HAVE_SYS_STAT_H 1
#define HAVE_STDLIB_H 1
#define HAVE_STRING_H 1
#define HAVE_MEMORY_H 1
#define HAVE_STRINGS_H 1
#define HAVE_INTTYPES_H 1
#define HAVE_STDINT_H 1
#define HAVE_UNISTD_H 1
#define HAVE_DLFCN_H 1

configure: exit 0
